0 info it worked if it ends with ok
1 verbose cli [ '/usr/local/bin/node', '/usr/local/bin/npm', 'install', '-d' ]
2 info using npm@1.2.14
3 info using node@v0.9.13-pre
4 verbose read json /home/sami/sami/code/gfrate/gfrate_js/package.json
5 error install Couldn't read dependencies
6 error Error: ENOENT, open '/home/sami/sami/code/gfrate/gfrate_js/package.json'
7 error If you need help, you may report this log at:
7 error     <http://github.com/isaacs/npm/issues>
7 error or email it to:
7 error     <npm-@googlegroups.com>
8 error System Linux 3.2.0-29-generic
9 error command "/usr/local/bin/node" "/usr/local/bin/npm" "install" "-d"
10 error cwd /home/sami/sami/code/gfrate/gfrate_js
11 error node -v v0.9.13-pre
12 error npm -v 1.2.14
13 error path /home/sami/sami/code/gfrate/gfrate_js/package.json
14 error code ENOENT
15 error errno 34
16 verbose exit [ 34, true ]
